{
  "path": "/joyas",
  "method": "GET",
  "body": {},
  "params": {},
  "query": {}
}
{
  "path": "/joyas",
  "method": "GET",
  "body": {},
  "params": {},
  "query": {},
  "ruta": "/joyas",
  "fecha": "2024-07-15T22:10:44.778Z"
}
{
  "path": "/joyas",
  "method": "GET",
  "body": {},
  "params": {},
  "query": {},
  "ruta": "/joyas",
  "fecha": "2024-07-15T22:12:56.801Z"
}
{
  "path": "/joyas",
  "method": "GET",
  "body": {},
  "params": {},
  "query": {},
  "ruta": "/joyas",
  "fecha": "2024-07-15T22:13:44.136Z"
}
